==1548== NVPROF is profiling process 1548, command: ./test2_thrust/x64/Debug/test2_thrust.exe
==1548== Profiling application: ./test2_thrust/x64/Debug/test2_thrust.exe
==1548== Profiling result:
            Type  Time(%)      Time     Calls       Avg       Min       Max  Name
 GPU activities:   70.96%  1.2934ms         1  1.2934ms  1.2934ms  1.2934ms  void thrust::cuda_cub::core::_kernel_agent<thrust::cuda_cub::__parallel_for::ParallelForAgent<thrust::cuda_cub::__transform::unary_transform_f<thrust::counting_iterator<int, thrust::use_default, thrust::use_default, thrust::use_default>, thrust::detail::normal_iterator<thrust::device_ptr<float>>, thrust::cuda_cub::__transform::no_stencil_tag, mul, thrust::cuda_cub::__transform::always_true_predicate>, __int64>, thrust::cuda_cub::__transform::unary_transform_f<thrust::counting_iterator<int, thrust::use_default, thrust::use_default, thrust::use_default>, thrust::detail::normal_iterator<thrust::device_ptr<float>>, thrust::cuda_cub::__transform::no_stencil_tag, mul, thrust::cuda_cub::__transform::always_true_predicate>, __int64>(thrust::use_default, thrust::use_default)
                   18.66%  340.03us         3  113.34us  53.120us  185.57us  void thrust::cuda_cub::core::_kernel_agent<thrust::cuda_cub::__parallel_for::ParallelForAgent<thrust::cuda_cub::__uninitialized_fill::functor<thrust::device_ptr<float>, float>, __int64>, thrust::cuda_cub::__uninitialized_fill::functor<thrust::device_ptr<float>, float>, __int64>(thrust::device_ptr<float>, float)
                    7.09%  129.21us         5  25.842us  3.7760us  48.511us  [CUDA memcpy HtoD]
                    3.29%  60.033us        76     789ns     320ns  19.488us  [CUDA memcpy DtoH]
      API calls:   97.28%  1.55021s         2  775.11ms  2.8000us  1.55021s  cudaEventCreate
                    1.79%  28.532ms         1  28.532ms  28.532ms  28.532ms  cuDevicePrimaryCtxRelease
                    0.37%  5.9482ms        81  73.434us  39.900us  238.40us  cudaMemcpyAsync
                    0.28%  4.4005ms        85  51.770us  19.300us  1.3385ms  cudaStreamSynchronize
                    0.19%  2.9845ms         1  2.9845ms  2.9845ms  2.9845ms  cuModuleUnload
                    0.03%  518.40us         6  86.400us  11.900us  442.00us  cudaMalloc
                    0.02%  347.20us         6  57.866us  7.1000us  231.30us  cudaFree
                    0.02%  272.50us         4  68.125us  34.500us  114.40us  cudaLaunchKernel
                    0.01%  124.30us         1  124.30us  124.30us  124.30us  cudaEventSynchronize
                    0.00%  64.300us       116     554ns     200ns  1.6000us  cudaGetLastError
                    0.00%  58.500us         1  58.500us  58.500us  58.500us  cudaEventElapsedTime
                    0.00%  43.600us         2  21.800us  13.400us  30.200us  cudaEventRecord
                    0.00%  25.700us       101     254ns     100ns  1.6000us  cuDeviceGetAttribute
                    0.00%  21.400us         9  2.3770us     500ns  10.900us  cudaGetDevice
                    0.00%  17.900us         1  17.900us  17.900us  17.900us  cudaFuncGetAttributes
                    0.00%  13.400us         4  3.3500us     900ns  8.7000us  cudaDeviceGetAttribute
                    0.00%  11.100us         8  1.3870us     200ns  8.5000us  cudaPeekAtLastError
                    0.00%  7.5000us         3  2.5000us     300ns  6.1000us  cuDeviceGetCount
                    0.00%  6.8000us         1  6.8000us  6.8000us  6.8000us  cudaDeviceSynchronize
                    0.00%  4.4000us         2  2.2000us     200ns  4.2000us  cuDeviceGet
                    0.00%  3.2000us         1  3.2000us  3.2000us  3.2000us  cuDeviceGetName
                    0.00%     700ns         1     700ns     700ns     700ns  cuDeviceTotalMem
                    0.00%     700ns         1     700ns     700ns     700ns  cuDeviceGetLuid
                    0.00%     500ns         1     500ns     500ns     500ns  cuDeviceGetUuid
                    0.00%     500ns         1     500ns     500ns     500ns  cudaGetDeviceCount
